This file contains any messages produced by compilers while
running configure, to aid debugging if configure makes a mistake.

It was created by libenet configure 1.3.6, which was
generated by GNU Autoconf 2.68.  Invocation command line was

  $ ./configure --enable-shared=no --enable-static=yes --no-create --no-recursion

## --------- ##
## Platform. ##
## --------- ##

hostname = bram-GAME-pc
uname -m = i686
uname -r = 3.2.0-35-generic-pae
uname -s = Linux
uname -v = #55-Ubuntu SMP Wed Dec 5 18:04:39 UTC 2012

/usr/bin/uname -p = unknown
/bin/uname -X     = unknown

/bin/arch              = unknown
/usr/bin/arch -k       = unknown
/usr/convex/getsysinfo = unknown
/usr/bin/hostinfo      = unknown
/bin/machine           = unknown
/usr/bin/oslevel       = unknown
/bin/universe          = unknown

PATH: /usr/lib/lightdm/lightdm
PATH: /usr/local/sbin
PATH: /usr/local/bin
PATH: /usr/sbin
PATH: /usr/bin
PATH: /sbin
PATH: /bin
PATH: /usr/games


## ----------- ##
## Core tests. ##
## ----------- ##

configure:2247: checking for a BSD-compatible install
configure:2315: result: /usr/bin/install -c
configure:2326: checking whether build environment is sane
configure:2376: result: yes
configure:2517: checking for a thread-safe mkdir -p
configure:2556: result: /bin/mkdir -p
configure:2569: checking for gawk
configure:2585: found /usr/bin/gawk
configure:2596: result: gawk
configure:2607: checking whether make sets $(MAKE)
configure:2629: result: yes
configure:2710: checking whether to enable maintainer-specific portions of Makefiles
configure:2719: result: yes
configure:2783: checking for gcc
configure:2799: found /usr/bin/gcc
configure:2810: result: gcc
configure:3039: checking for C compiler version
configure:3048: gcc --version >&5
gcc (Ubuntu/Linaro 4.6.3-1ubuntu5) 4.6.3
Copyright (C) 2011 Free Software Foundation, Inc.
This is free software; see the source for copying conditions.  There is NO
warranty; not even for MERCHANTABILITY or FITNESS FOR A PARTICULAR PURPOSE.

configure:3059: $? = 0
configure:3048: gcc -v >&5
Using built-in specs.
COLLECT_GCC=gcc
COLLECT_LTO_WRAPPER=/usr/lib/gcc/i686-linux-gnu/4.6/lto-wrapper
Target: i686-linux-gnu
Configured with: ../src/configure -v --with-pkgversion='Ubuntu/Linaro 4.6.3-1ubuntu5' --with-bugurl=file:///usr/share/doc/gcc-4.6/README.Bugs --enable-languages=c,c++,fortran,objc,obj-c++ --prefix=/usr --program-suffix=-4.6 --enable-shared --enable-linker-build-id --with-system-zlib --libexecdir=/usr/lib --without-included-gettext --enable-threads=posix --with-gxx-include-dir=/usr/include/c++/4.6 --libdir=/usr/lib --enable-nls --with-sysroot=/ --enable-clocale=gnu --enable-libstdcxx-debug --enable-libstdcxx-time=yes --enable-gnu-unique-object --enable-plugin --enable-objc-gc --enable-targets=all --disable-werror --with-arch-32=i686 --with-tune=generic --enable-checking=release --build=i686-linux-gnu --host=i686-linux-gnu --target=i686-linux-gnu
Thread model: posix
gcc version 4.6.3 (Ubuntu/Linaro 4.6.3-1ubuntu5) 
configure:3059: $? = 0
configure:3048: gcc -V >&5
gcc: error: unrecognized option '-V'
gcc: fatal error: no input files
compilation terminated.
configure:3059: $? = 4
configure:3048: gcc -qversion >&5
gcc: error: unrecognized option '-qversion'
gcc: fatal error: no input files
compilation terminated.
configure:3059: $? = 4
configure:3079: checking whether the C compiler works
configure:3101: gcc    conftest.c  >&5
configure:3105: $? = 0
configure:3153: result: yes
configure:3156: checking for C compiler default output file name
configure:3158: result: a.out
configure:3164: checking for suffix of executables
configure:3171: gcc -o conftest    conftest.c  >&5
configure:3175: $? = 0
configure:3197: result: 
configure:3219: checking whether we are cross compiling
configure:3227: gcc -o conftest    conftest.c  >&5
configure:3231: $? = 0
configure:3238: ./conftest
configure:3242: $? = 0
configure:3257: result: no
configure:3262: checking for suffix of object files
configure:3284: gcc -c   conftest.c >&5
configure:3288: $? = 0
configure:3309: result: o
configure:3313: checking whether we are using the GNU C compiler
configure:3332: gcc -c   conftest.c >&5
configure:3332: $? = 0
configure:3341: result: yes
configure:3350: checking whether gcc accepts -g
configure:3370: gcc -c -g  conftest.c >&5
configure:3370: $? = 0
configure:3411: result: yes
configure:3428: checking for gcc option to accept ISO C89
configure:3492: gcc  -c -g -O2  conftest.c >&5
configure:3492: $? = 0
configure:3505: result: none needed
configure:3536: checking for style of include used by make
configure:3564: result: GNU
configure:3590: checking dependency style of gcc
configure:3701: result: gcc3
configure:3745: checking build system type
configure:3759: result: i686-pc-linux-gnu
configure:3779: checking host system type
configure:3792: result: i686-pc-linux-gnu
configure:3833: checking how to print strings
configure:3860: result: printf
configure:3881: checking for a sed that does not truncate output
configure:3945: result: /bin/sed
configure:3963: checking for grep that handles long lines and -e
configure:4021: result: /bin/grep
configure:4026: checking for egrep
configure:4088: result: /bin/grep -E
configure:4093: checking for fgrep
configure:4155: result: /bin/grep -F
configure:4190: checking for ld used by gcc
configure:4257: result: /usr/bin/ld
configure:4264: checking if the linker (/usr/bin/ld) is GNU ld
configure:4279: result: yes
configure:4291: checking for BSD- or MS-compatible name lister (nm)
configure:4340: result: /usr/bin/nm -B
configure:4470: checking the name lister (/usr/bin/nm -B) interface
configure:4477: gcc -c -g -O2  conftest.c >&5
configure:4480: /usr/bin/nm -B "conftest.o"
configure:4483: output
00000000 B some_variable
configure:4490: result: BSD nm
configure:4493: checking whether ln -s works
configure:4497: result: yes
configure:4505: checking the maximum length of command line arguments
configure:4635: result: 805306365
configure:4652: checking whether the shell understands some XSI constructs
configure:4662: result: yes
configure:4666: checking whether the shell understands "+="
configure:4672: result: yes
configure:4707: checking how to convert i686-pc-linux-gnu file names to i686-pc-linux-gnu format
configure:4747: result: func_convert_file_noop
configure:4754: checking how to convert i686-pc-linux-gnu file names to toolchain format
configure:4774: result: func_convert_file_noop
configure:4781: checking for /usr/bin/ld option to reload object files
configure:4788: result: -r
configure:4862: checking for objdump
configure:4878: found /usr/bin/objdump
configure:4889: result: objdump
configure:4921: checking how to recognize dependent libraries
configure:5119: result: pass_all
configure:5204: checking for dlltool
configure:5234: result: no
configure:5264: checking how to associate runtime and link libraries
configure:5291: result: printf %s\n
configure:5352: checking for ar
configure:5368: found /usr/bin/ar
configure:5379: result: ar
configure:5416: checking for archiver @FILE support
configure:5433: gcc -c -g -O2  conftest.c >&5
configure:5433: $? = 0
configure:5436: ar cru libconftest.a @conftest.lst >&5
configure:5439: $? = 0
configure:5444: ar cru libconftest.a @conftest.lst >&5
ar: conftest.o: No such file or directory
configure:5447: $? = 1
configure:5459: result: @
configure:5517: checking for strip
configure:5533: found /usr/bin/strip
configure:5544: result: strip
configure:5616: checking for ranlib
configure:5632: found /usr/bin/ranlib
configure:5643: result: ranlib
configure:5745: checking command to parse /usr/bin/nm -B output from gcc object
configure:5865: gcc -c -g -O2  conftest.c >&5
configure:5868: $? = 0
configure:5872: /usr/bin/nm -B conftest.o \| sed -n -e 's/^.*[ ]\([ABCDGIRSTW][ABCDGIRSTW]*\)[ ][ ]*\([_A-Za-z][_A-Za-z0-9]*\)$/\1 \2 \2/p' | sed '/ __gnu_lto/d' \> conftest.nm
configure:5875: $? = 0
configure:5941: gcc -o conftest -g -O2   conftest.c conftstm.o >&5
configure:5944: $? = 0
configure:5982: result: ok
configure:6019: checking for sysroot
configure:6049: result: no
configure:6305: checking for mt
configure:6321: found /bin/mt
configure:6332: result: mt
configure:6355: checking if mt is a manifest tool
configure:6361: mt '-?'
configure:6369: result: no
configure:7011: checking how to run the C preprocessor
configure:7042: gcc -E  conftest.c
configure:7042: $? = 0
configure:7056: gcc -E  conftest.c
conftest.c:11:28: fatal error: ac_nonexistent.h: No such file or directory
compilation terminated.
configure:7056: $? = 1
configure: failed program was:
| /* confdefs.h */
| #define PACKAGE_NAME "libenet"
| #define PACKAGE_TARNAME "libenet"
| #define PACKAGE_VERSION "1.3.6"
| #define PACKAGE_STRING "libenet 1.3.6"
| #define PACKAGE_BUGREPORT ""
| #define PACKAGE_URL ""
| #define PACKAGE "libenet"
| #define VERSION "1.3.6"
| /* end confdefs.h.  */
| #include <ac_nonexistent.h>
configure:7081: result: gcc -E
configure:7101: gcc -E  conftest.c
configure:7101: $? = 0
configure:7115: gcc -E  conftest.c
conftest.c:11:28: fatal error: ac_nonexistent.h: No such file or directory
compilation terminated.
configure:7115: $? = 1
configure: failed program was:
| /* confdefs.h */
| #define PACKAGE_NAME "libenet"
| #define PACKAGE_TARNAME "libenet"
| #define PACKAGE_VERSION "1.3.6"
| #define PACKAGE_STRING "libenet 1.3.6"
| #define PACKAGE_BUGREPORT ""
| #define PACKAGE_URL ""
| #define PACKAGE "libenet"
| #define VERSION "1.3.6"
| /* end confdefs.h.  */
| #include <ac_nonexistent.h>
configure:7144: checking for ANSI C header files
configure:7164: gcc -c -g -O2  conftest.c >&5
configure:7164: $? = 0
configure:7237: gcc -o conftest -g -O2   conftest.c  >&5
configure:7237: $? = 0
configure:7237: ./conftest
configure:7237: $? = 0
configure:7248: result: yes
configure:7261: checking for sys/types.h
configure:7261: gcc -c -g -O2  conftest.c >&5
configure:7261: $? = 0
configure:7261: result: yes
configure:7261: checking for sys/stat.h
configure:7261: gcc -c -g -O2  conftest.c >&5
configure:7261: $? = 0
configure:7261: result: yes
configure:7261: checking for stdlib.h
configure:7261: gcc -c -g -O2  conftest.c >&5
configure:7261: $? = 0
configure:7261: result: yes
configure:7261: checking for string.h
configure:7261: gcc -c -g -O2  conftest.c >&5
configure:7261: $? = 0
configure:7261: result: yes
configure:7261: checking for memory.h
configure:7261: gcc -c -g -O2  conftest.c >&5
configure:7261: $? = 0
configure:7261: result: yes
configure:7261: checking for strings.h
configure:7261: gcc -c -g -O2  conftest.c >&5
configure:7261: $? = 0
configure:7261: result: yes
configure:7261: checking for inttypes.h
configure:7261: gcc -c -g -O2  conftest.c >&5
configure:7261: $? = 0
configure:7261: result: yes
configure:7261: checking for stdint.h
configure:7261: gcc -c -g -O2  conftest.c >&5
configure:7261: $? = 0
configure:7261: result: yes
configure:7261: checking for unistd.h
configure:7261: gcc -c -g -O2  conftest.c >&5
configure:7261: $? = 0
configure:7261: result: yes
configure:7275: checking for dlfcn.h
configure:7275: gcc -c -g -O2  conftest.c >&5
configure:7275: $? = 0
configure:7275: result: yes
configure:7481: checking for objdir
configure:7496: result: .libs
configure:7767: checking if gcc supports -fno-rtti -fno-exceptions
configure:7785: gcc -c -g -O2  -fno-rtti -fno-exceptions conftest.c >&5
cc1: warning: command line option '-fno-rtti' is valid for C++/ObjC++ but not for C [enabled by default]
configure:7789: $? = 0
configure:7802: result: no
configure:8129: checking for gcc option to produce PIC
configure:8136: result: -fPIC -DPIC
configure:8144: checking if gcc PIC flag -fPIC -DPIC works
configure:8162: gcc -c -g -O2  -fPIC -DPIC -DPIC conftest.c >&5
configure:8166: $? = 0
configure:8179: result: yes
configure:8208: checking if gcc static flag -static works
configure:8236: result: yes
configure:8251: checking if gcc supports -c -o file.o
configure:8272: gcc -c -g -O2  -o out/conftest2.o conftest.c >&5
configure:8276: $? = 0
configure:8298: result: yes
configure:8306: checking if gcc supports -c -o file.o
configure:8353: result: yes
configure:8386: checking whether the gcc linker (/usr/bin/ld) supports shared libraries
configure:9543: result: yes
configure:9783: checking dynamic linker characteristics
configure:10283: gcc -o conftest -g -O2   -Wl,-rpath -Wl,/foo conftest.c  >&5
configure:10283: $? = 0
configure:10517: result: GNU/Linux ld.so
configure:10624: checking how to hardcode library paths into programs
configure:10649: result: immediate
configure:11189: checking whether stripping libraries is possible
configure:11194: result: yes
configure:11229: checking if libtool supports shared libraries
configure:11231: result: yes
configure:11234: checking whether to build shared libraries
configure:11255: result: no
configure:11258: checking whether to build static libraries
configure:11262: result: yes
configure:11300: checking for gethostbyaddr_r
configure:11300: gcc -o conftest -g -O2   conftest.c  >&5
configure:11300: $? = 0
configure:11300: result: yes
configure:11306: checking for gethostbyname_r
configure:11306: gcc -o conftest -g -O2   conftest.c  >&5
configure:11306: $? = 0
configure:11306: result: yes
configure:11312: checking for poll
configure:11312: gcc -o conftest -g -O2   conftest.c  >&5
configure:11312: $? = 0
configure:11312: result: yes
configure:11318: checking for fcntl
configure:11318: gcc -o conftest -g -O2   conftest.c  >&5
configure:11318: $? = 0
configure:11318: result: yes
configure:11324: checking for inet_pton
configure:11324: gcc -o conftest -g -O2   conftest.c  >&5
configure:11324: $? = 0
configure:11324: result: yes
configure:11330: checking for inet_ntop
configure:11330: gcc -o conftest -g -O2   conftest.c  >&5
configure:11330: $? = 0
configure:11330: result: yes
configure:11337: checking for struct msghdr.msg_flags
configure:11337: gcc -c -g -O2  conftest.c >&5
configure:11337: $? = 0
configure:11337: result: yes
configure:11345: checking for socklen_t
configure:11345: gcc -c -g -O2  conftest.c >&5
configure:11345: $? = 0
configure:11345: gcc -c -g -O2  conftest.c >&5
conftest.c: In function 'main':
conftest.c:37:24: error: expected expression before ')' token
configure:11345: $? = 1
configure: failed program was:
| /* confdefs.h */
| #define PACKAGE_NAME "libenet"
| #define PACKAGE_TARNAME "libenet"
| #define PACKAGE_VERSION "1.3.6"
| #define PACKAGE_STRING "libenet 1.3.6"
| #define PACKAGE_BUGREPORT ""
| #define PACKAGE_URL ""
| #define PACKAGE "libenet"
| #define VERSION "1.3.6"
| #define STDC_HEADERS 1
| #define HAVE_SYS_TYPES_H 1
| #define HAVE_SYS_STAT_H 1
| #define HAVE_STDLIB_H 1
| #define HAVE_STRING_H 1
| #define HAVE_MEMORY_H 1
| #define HAVE_STRINGS_H 1
| #define HAVE_INTTYPES_H 1
| #define HAVE_STDINT_H 1
| #define HAVE_UNISTD_H 1
| #define HAVE_DLFCN_H 1
| #define LT_OBJDIR ".libs/"
| #define HAS_GETHOSTBYADDR_R 1
| #define HAS_GETHOSTBYNAME_R 1
| #define HAS_POLL 1
| #define HAS_FCNTL 1
| #define HAS_INET_PTON 1
| #define HAS_INET_NTOP 1
| #define HAS_MSGHDR_FLAGS 1
| /* end confdefs.h.  */
| #include <sys/types.h>
|               #include <sys/socket.h>
| 
| 
| int
| main ()
| {
| if (sizeof ((socklen_t)))
| 	    return 0;
|   ;
|   return 0;
| }
configure:11345: result: yes
conftest.c:31:20: fatal error: socket.h: No such file or directory
compilation terminated.
configure:11552: creating ./config.status

## ---------------- ##
## Cache variables. ##
## ---------------- ##

ac_cv_build=i686-pc-linux-gnu
ac_cv_c_compiler_gnu=yes
ac_cv_env_CC_set=
ac_cv_env_CC_value=
ac_cv_env_CFLAGS_set=
ac_cv_env_CFLAGS_value=
ac_cv_env_CPPFLAGS_set=
ac_cv_env_CPPFLAGS_value=
ac_cv_env_CPP_set=
ac_cv_env_CPP_value=
ac_cv_env_LDFLAGS_set=
ac_cv_env_LDFLAGS_value=
ac_cv_env_LIBS_set=
ac_cv_env_LIBS_value=
ac_cv_env_build_alias_set=
ac_cv_env_build_alias_value=
ac_cv_env_host_alias_set=
ac_cv_env_host_alias_value=
ac_cv_env_target_alias_set=
ac_cv_env_target_alias_value=
ac_cv_func_fcntl=yes
ac_cv_func_gethostbyaddr_r=yes
ac_cv_func_gethostbyname_r=yes
ac_cv_func_inet_ntop=yes
ac_cv_func_inet_pton=yes
ac_cv_func_poll=yes
ac_cv_header_dlfcn_h=yes
ac_cv_header_inttypes_h=yes
ac_cv_header_memory_h=yes
ac_cv_header_stdc=yes
ac_cv_header_stdint_h=yes
ac_cv_header_stdlib_h=yes
ac_cv_header_string_h=yes
ac_cv_header_strings_h=yes
ac_cv_header_sys_stat_h=yes
ac_cv_header_sys_types_h=yes
ac_cv_header_unistd_h=yes
ac_cv_host=i686-pc-linux-gnu
ac_cv_member_struct_msghdr_msg_flags=yes
ac_cv_objext=o
ac_cv_path_EGREP='/bin/grep -E'
ac_cv_path_FGREP='/bin/grep -F'
ac_cv_path_GREP=/bin/grep
ac_cv_path_SED=/bin/sed
ac_cv_path_install='/usr/bin/install -c'
ac_cv_path_mkdir=/bin/mkdir
ac_cv_prog_AWK=gawk
ac_cv_prog_CPP='gcc -E'
ac_cv_prog_ac_ct_AR=ar
ac_cv_prog_ac_ct_CC=gcc
ac_cv_prog_ac_ct_MANIFEST_TOOL=mt
ac_cv_prog_ac_ct_OBJDUMP=objdump
ac_cv_prog_ac_ct_RANLIB=ranlib
ac_cv_prog_ac_ct_STRIP=strip
ac_cv_prog_cc_c89=
ac_cv_prog_cc_g=yes
ac_cv_prog_make_make_set=yes
ac_cv_type_socklen_t=yes
am_cv_CC_dependencies_compiler_type=gcc3
lt_cv_ar_at_file=@
lt_cv_deplibs_check_method=pass_all
lt_cv_file_magic_cmd='$MAGIC_CMD'
lt_cv_file_magic_test_file=
lt_cv_ld_reload_flag=-r
lt_cv_nm_interface='BSD nm'
lt_cv_objdir=.libs
lt_cv_path_LD=/usr/bin/ld
lt_cv_path_NM='/usr/bin/nm -B'
lt_cv_path_mainfest_tool=no
lt_cv_prog_compiler_c_o=yes
lt_cv_prog_compiler_pic='-fPIC -DPIC'
lt_cv_prog_compiler_pic_works=yes
lt_cv_prog_compiler_rtti_exceptions=no
lt_cv_prog_compiler_static_works=yes
lt_cv_prog_gnu_ld=yes
lt_cv_sharedlib_from_linklib_cmd='printf %s\n'
lt_cv_shlibpath_overrides_runpath=no
lt_cv_sys_global_symbol_pipe='sed -n -e '\''s/^.*[	 ]\([ABCDGIRSTW][ABCDGIRSTW]*\)[	 ][	 ]*\([_A-Za-z][_A-Za-z0-9]*\)$/\1 \2 \2/p'\'' | sed '\''/ __gnu_lto/d'\'''
lt_cv_sys_global_symbol_to_c_name_address='sed -n -e '\''s/^: \([^ ]*\)[ ]*$/  {\"\1\", (void *) 0},/p'\'' -e '\''s/^[ABCDGIRSTW]* \([^ ]*\) \([^ ]*\)$/  {"\2", (void *) \&\2},/p'\'''
lt_cv_sys_global_symbol_to_c_name_address_lib_prefix='sed -n -e '\''s/^: \([^ ]*\)[ ]*$/  {\"\1\", (void *) 0},/p'\'' -e '\''s/^[ABCDGIRSTW]* \([^ ]*\) \(lib[^ ]*\)$/  {"\2", (void *) \&\2},/p'\'' -e '\''s/^[ABCDGIRSTW]* \([^ ]*\) \([^ ]*\)$/  {"lib\2", (void *) \&\2},/p'\'''
lt_cv_sys_global_symbol_to_cdecl='sed -n -e '\''s/^T .* \(.*\)$/extern int \1();/p'\'' -e '\''s/^[ABCDGIRSTW]* .* \(.*\)$/extern char \1;/p'\'''
lt_cv_sys_max_cmd_len=805306365
lt_cv_to_host_file_cmd=func_convert_file_noop
lt_cv_to_tool_file_cmd=func_convert_file_noop

## ----------------- ##
## Output variables. ##
## ----------------- ##

ACLOCAL='${SHELL} /home/bram/projects/tesseract/src/enet/missing --run aclocal-1.11'
AMDEPBACKSLASH='\'
AMDEP_FALSE='#'
AMDEP_TRUE=''
AMTAR='$${TAR-tar}'
AR='ar'
AUTOCONF='${SHELL} /home/bram/projects/tesseract/src/enet/missing --run autoconf'
AUTOHEADER='${SHELL} /home/bram/projects/tesseract/src/enet/missing --run autoheader'
AUTOMAKE='${SHELL} /home/bram/projects/tesseract/src/enet/missing --run automake-1.11'
AWK='gawk'
CC='gcc'
CCDEPMODE='depmode=gcc3'
CFLAGS='-g -O2'
CPP='gcc -E'
CPPFLAGS=''
CYGPATH_W='echo'
DEFS='-DPACKAGE_NAME=\"libenet\" -DPACKAGE_TARNAME=\"libenet\" -DPACKAGE_VERSION=\"1.3.6\" -DPACKAGE_STRING=\"libenet\ 1.3.6\" -DPACKAGE_BUGREPORT=\"\" -DPACKAGE_URL=\"\" -DPACKAGE=\"libenet\" -DVERSION=\"1.3.6\" -DSTDC_HEADERS=1 -DHAVE_SYS_TYPES_H=1 -DHAVE_SYS_STAT_H=1 -DHAVE_STDLIB_H=1 -DHAVE_STRING_H=1 -DHAVE_MEMORY_H=1 -DHAVE_STRINGS_H=1 -DHAVE_INTTYPES_H=1 -DHAVE_STDINT_H=1 -DHAVE_UNISTD_H=1 -DHAVE_DLFCN_H=1 -DLT_OBJDIR=\".libs/\" -DHAS_GETHOSTBYADDR_R=1 -DHAS_GETHOSTBYNAME_R=1 -DHAS_POLL=1 -DHAS_FCNTL=1 -DHAS_INET_PTON=1 -DHAS_INET_NTOP=1 -DHAS_MSGHDR_FLAGS=1 -DHAS_SOCKLEN_T=1'
DEPDIR='.deps'
DLLTOOL='false'
DSYMUTIL=''
DUMPBIN=''
ECHO_C=''
ECHO_N='-n'
ECHO_T=''
EGREP='/bin/grep -E'
EXEEXT=''
FGREP='/bin/grep -F'
GREP='/bin/grep'
INSTALL_DATA='${INSTALL} -m 644'
INSTALL_PROGRAM='${INSTALL}'
INSTALL_SCRIPT='${INSTALL}'
INSTALL_STRIP_PROGRAM='$(install_sh) -c -s'
LD='/usr/bin/ld'
LDFLAGS=''
LIBOBJS=''
LIBS=''
LIBTOOL='$(SHELL) $(top_builddir)/libtool'
LIPO=''
LN_S='ln -s'
LTLIBOBJS=''
MAINT=''
MAINTAINER_MODE_FALSE='#'
MAINTAINER_MODE_TRUE=''
MAKEINFO='${SHELL} /home/bram/projects/tesseract/src/enet/missing --run makeinfo'
MANIFEST_TOOL=':'
MKDIR_P='/bin/mkdir -p'
NM='/usr/bin/nm -B'
NMEDIT=''
OBJDUMP='objdump'
OBJEXT='o'
OTOOL64=''
OTOOL=''
PACKAGE='libenet'
PACKAGE_BUGREPORT=''
PACKAGE_NAME='libenet'
PACKAGE_STRING='libenet 1.3.6'
PACKAGE_TARNAME='libenet'
PACKAGE_URL=''
PACKAGE_VERSION='1.3.6'
PATH_SEPARATOR=':'
RANLIB='ranlib'
SED='/bin/sed'
SET_MAKE=''
SHELL='/bin/sh'
STRIP='strip'
VERSION='1.3.6'
ac_ct_AR='ar'
ac_ct_CC='gcc'
ac_ct_DUMPBIN=''
am__EXEEXT_FALSE=''
am__EXEEXT_TRUE='#'
am__fastdepCC_FALSE='#'
am__fastdepCC_TRUE=''
am__include='include'
am__isrc=''
am__leading_dot='.'
am__nodep='_no'
am__quote=''
am__tar='$${TAR-tar} chof - "$$tardir"'
am__untar='$${TAR-tar} xf -'
bindir='${exec_prefix}/bin'
build='i686-pc-linux-gnu'
build_alias=''
build_cpu='i686'
build_os='linux-gnu'
build_vendor='pc'
datadir='${datarootdir}'
datarootdir='${prefix}/share'
docdir='${datarootdir}/doc/${PACKAGE_TARNAME}'
dvidir='${docdir}'
exec_prefix='${prefix}'
host='i686-pc-linux-gnu'
host_alias=''
host_cpu='i686'
host_os='linux-gnu'
host_vendor='pc'
htmldir='${docdir}'
includedir='${prefix}/include'
infodir='${datarootdir}/info'
install_sh='${SHELL} /home/bram/projects/tesseract/src/enet/install-sh'
libdir='${exec_prefix}/lib'
libexecdir='${exec_prefix}/libexec'
localedir='${datarootdir}/locale'
localstatedir='${prefix}/var'
mandir='${datarootdir}/man'
mkdir_p='/bin/mkdir -p'
oldincludedir='/usr/include'
pdfdir='${docdir}'
prefix='/usr/local'
program_transform_name='s,x,x,'
psdir='${docdir}'
sbindir='${exec_prefix}/sbin'
sharedstatedir='${prefix}/com'
sysconfdir='${prefix}/etc'
target_alias=''

## ----------- ##
## confdefs.h. ##
## ----------- ##

/* confdefs.h */
#define PACKAGE_NAME "libenet"
#define PACKAGE_TARNAME "libenet"
#define PACKAGE_VERSION "1.3.6"
#define PACKAGE_STRING "libenet 1.3.6"
#define PACKAGE_BUGREPORT ""
#define PACKAGE_URL ""
#define PACKAGE "libenet"
#define VERSION "1.3.6"
#define STDC_HEADERS 1
#define HAVE_SYS_TYPES_H 1
#define HAVE_SYS_STAT_H 1
#define HAVE_STDLIB_H 1
#define HAVE_STRING_H 1
#define HAVE_MEMORY_H 1
#define HAVE_STRINGS_H 1
#define HAVE_INTTYPES_H 1
#define HAVE_STDINT_H 1
#define HAVE_UNISTD_H 1
#define HAVE_DLFCN_H 1
#define LT_OBJDIR ".libs/"
#define HAS_GETHOSTBYADDR_R 1
#define HAS_GETHOSTBYNAME_R 1
#define HAS_POLL 1
#define HAS_FCNTL 1
#define HAS_INET_PTON 1
#define HAS_INET_NTOP 1
#define HAS_MSGHDR_FLAGS 1
#define HAS_SOCKLEN_T 1

configure: exit 0

## ---------------------- ##
## Running config.status. ##
## ---------------------- ##

This file was extended by libenet config.status 1.3.6, which was
generated by GNU Autoconf 2.68.  Invocation command line was

  CONFIG_FILES    = 
  CONFIG_HEADERS  = 
  CONFIG_LINKS    = 
  CONFIG_COMMANDS = 
  $ ./config.status 

on bram-GAME-pc

config.status:1015: creating Makefile
config.status:1015: creating libenet.pc
config.status:1187: executing depfiles commands
config.status:1187: executing libtool commands
