Build started 4/29/2013 11:52:39 PM.
     1>Project "H:\R+R_Tes\vcpp\tesseract.vcxproj" on node 2 (build target(s)).
     1>InitializeBuildStatus:
         Creating ".\Release\tesseract.unsuccessfulbuild" because "AlwaysCreate" was specified.
       ClCompile:
         All outputs are up-to-date.
         All outputs are up-to-date.
         h:\Program Files\Visual studio C++\VC\bin\CL.exe /c /I..\enet\include /I..\include /I..\engine /I..\fpsgame /I..\shared /Z7 /nologo /W3 /WX- /O2 /Ob2 /Ot /Oy /GL /D WIN32 /D NDEBUG /D _WINDOWS /D _MBCS /GF /Gm- /EHa /MT /GS- /Gy- /fp:fast /fp:except- /Zc:wchar_t /Zc:forScope /Yc"game.h" /Fp".\Release\game.pch" /Fo".\Release\pch2.obj" /Fd".\Release\vc100.pdb" /Gd /TP /analyze- /errorReport:prompt ..\fpsgame\pch.cpp
         pch.cpp
         All outputs are up-to-date.
         All outputs are up-to-date.
         h:\Program Files\Visual studio C++\VC\bin\CL.exe /c /I..\enet\include /I..\include /I..\engine /I..\fpsgame /I..\shared /Z7 /nologo /W3 /WX- /O2 /Ob2 /Ot /Oy /GL /D WIN32 /D NDEBUG /D _WINDOWS /D _MBCS /GF /Gm- /EHa /MT /GS- /Gy- /fp:fast /fp:except- /Zc:wchar_t /Zc:forScope /Yu"game.h" /Fp".\Release\game.pch" /Fo".\Release\\" /Fd".\Release\vc100.pdb" /Gd /TP /analyze- /errorReport:prompt ..\fpsgame\ai.cpp ..\fpsgame\entities.cpp ..\fpsgame\fps.cpp ..\fpsgame\render.cpp ..\fpsgame\scoreboard.cpp ..\fpsgame\waypoint.cpp ..\fpsgame\weapon.cpp
         ai.cpp
         entities.cpp
         fps.cpp
         render.cpp
         scoreboard.cpp
         waypoint.cpp
         weapon.cpp
         h:\Program Files\Visual studio C++\VC\bin\CL.exe /c /I..\enet\include /I..\include /I..\engine /I..\fpsgame /I..\shared /Z7 /nologo /W3 /WX- /O2 /Ob2 /Ot /Oy /GL /D WIN32 /D NDEBUG /D _WINDOWS /D _MBCS /GF /Gm- /EHa /MT /GS- /Gy- /fp:fast /fp:except- /Zc:wchar_t /Zc:forScope /Yu"game.h" /Fp".\Release\game.pch" /Fo".\Release\client1.obj" /Fd".\Release\vc100.pdb" /Gd /TP /analyze- /errorReport:prompt ..\fpsgame\client.cpp
         client.cpp
         h:\Program Files\Visual studio C++\VC\bin\CL.exe /c /I..\enet\include /I..\include /I..\engine /I..\fpsgame /I..\shared /Z7 /nologo /W3 /WX- /O2 /Ob2 /Ot /Oy /GL /D WIN32 /D NDEBUG /D _WINDOWS /D _MBCS /GF /Gm- /EHa /MT /GS- /Gy- /fp:fast /fp:except- /Zc:wchar_t /Zc:forScope /Yu"game.h" /Fp".\Release\game.pch" /Fo".\Release\server1.obj" /Fd".\Release\vc100.pdb" /Gd /TP /analyze- /errorReport:prompt ..\fpsgame\server.cpp
         server.cpp
       ResourceCompile:
         All outputs are up-to-date.
       Link:
         h:\Program Files\Visual studio C++\VC\bin\link.exe /ERRORREPORT:PROMPT /OUT:"..\..\tesseract-RR\test01.exe" /INCREMENTAL:NO /NOLOGO /LIBPATH:..\lib enet.lib zdll.lib opengl32.lib SDL.lib SDL_image.lib ws2_32.lib SDL_mixer.lib winmm.lib dbghelp.lib kernel32.lib user32.lib kernel32.lib user32.lib gdi32.lib winspool.lib comdlg32.lib advapi32.lib shell32.lib ole32.lib oleaut32.lib uuid.lib odbc32.lib odbccp32.lib /MANIFEST /ManifestFile:".\Release\test01.exe.intermediate.manifest" /MANIFESTUAC:"level='asInvoker' uiAccess='false'" /DEBUG /PDB:"H:\tesseract-RR\test01.pdb" /MAP /MAPINFO:EXPORTS /SUBSYSTEM:WINDOWS /OPT:REF /OPT:ICF /LTCG /TLBID:1 /DYNAMICBASE /NXCOMPAT /IMPLIB:"..\..\tesseract-RR\test01.lib" /MACHINE:X86 .\Release\tesseract.res
         .\Release\blend.obj
         .\Release\light.obj
         .\Release\normal.obj
         .\Release\octa.obj
         .\Release\octaedit.obj
         .\Release\octarender.obj
         .\Release\physics.obj
         .\Release\pvs.obj
         .\Release\world.obj
         .\Release\worldio.obj
         .\Release\client.obj
         .\Release\server.obj
         .\Release\serverbrowser.obj
         .\Release\3dgui.obj
         .\Release\aa.obj
         .\Release\bih.obj
         .\Release\decal.obj
         .\Release\dynlight.obj
         .\Release\grass.obj
         .\Release\material.obj
         .\Release\rendergl.obj
         .\Release\renderlights.obj
         .\Release\rendermodel.obj
         .\Release\renderparticles.obj
         .\Release\rendersky.obj
         .\Release\rendertext.obj
         .\Release\renderva.obj
         .\Release\shader.obj
         .\Release\texture.obj
         .\Release\water.obj
         .\Release\command.obj
         .\Release\console.obj
         .\Release\main.obj
         .\Release\menus.obj
         .\Release\movie.obj
         .\Release\sound.obj
         .\Release\crypto.obj
         .\Release\geom.obj
         .\Release\pch.obj
         .\Release\stream.obj
         .\Release\tools.obj
         .\Release\zip.obj
         .\Release\ai.obj
         .\Release\entities.obj
         .\Release\fps.obj
         .\Release\render.obj
         .\Release\scoreboard.obj
         .\Release\waypoint.obj
         .\Release\weapon.obj
         .\Release\pch1.obj
         .\Release\client1.obj
         .\Release\pch2.obj
         .\Release\server1.obj /MACHINE:I386 
         Generating code
         Finished generating code
         tesseract.vcxproj -> H:\R+R_Tes\vcpp\..\..\tesseract-RR\test01.exe
       Manifest:
         C:\Program Files (x86)\Microsoft SDKs\Windows\v7.0A\bin\mt.exe /nologo /verbose /outputresource:"..\..\tesseract-RR\test01.exe;#1" /manifest .\Release\test01.exe.intermediate.manifest dpiaware.manifest
       FinalizeBuildStatus:
         Deleting file ".\Release\tesseract.unsuccessfulbuild".
         Touching ".\Release\tesseract.lastbuildstate".
     1>Done Building Project "H:\R+R_Tes\vcpp\tesseract.vcxproj" (build target(s)).

Build succeeded.

Time Elapsed 00:00:16.60
